This file contains any messages produced by compilers while
running configure, to aid debugging if configure makes a mistake.

It was created by Time configure 1.0, which was
generated by GNU Autoconf 2.69.  Invocation command line was

  $ ./configure 

## --------- ##
## Platform. ##
## --------- ##

hostname = jason-virtual-machine
uname -m = x86_64
uname -r = 4.4.0-70-generic
uname -s = Linux
uname -v = #91-Ubuntu SMP Wed Mar 22 12:47:43 UTC 2017

/usr/bin/uname -p = unknown
/bin/uname -X     = unknown

/bin/arch              = unknown
/usr/bin/arch -k       = unknown
/usr/convex/getsysinfo = unknown
/usr/bin/hostinfo      = unknown
/bin/machine           = unknown
/usr/bin/oslevel       = unknown
/bin/universe          = unknown

PATH: /usr/local/sbin
PATH: /usr/local/bin
PATH: /usr/sbin
PATH: /usr/bin
PATH: /sbin
PATH: /bin
PATH: /usr/games
PATH: /usr/local/games


## ----------- ##
## Core tests. ##
## ----------- ##

configure:2124: checking for a BSD-compatible install
configure:2192: result: /usr/bin/install -c
configure:2203: checking whether build environment is sane
configure:2258: result: yes
configure:2409: checking for a thread-safe mkdir -p
configure:2448: result: /bin/mkdir -p
configure:2455: checking for gawk
configure:2485: result: no
configure:2455: checking for mawk
configure:2471: found /usr/bin/mawk
configure:2482: result: mawk
configure:2493: checking whether make sets $(MAKE)
configure:2515: result: yes
configure:2544: checking whether make supports nested variables
configure:2561: result: yes
configure:2748: checking for g++
configure:2764: found /usr/bin/g++
configure:2775: result: g++
configure:2802: checking for C++ compiler version
configure:2811: g++ --version >&5
g++ (Ubuntu 5.4.0-6ubuntu1~16.04.4) 5.4.0 20160609
Copyright (C) 2015 Free Software Foundation, Inc.
This is free software; see the source for copying conditions.  There is NO
warranty; not even for MERCHANTABILITY or FITNESS FOR A PARTICULAR PURPOSE.

configure:2822: $? = 0
configure:2811: g++ -v >&5
Using built-in specs.
COLLECT_GCC=g++
COLLECT_LTO_WRAPPER=/usr/lib/gcc/x86_64-linux-gnu/5/lto-wrapper
Target: x86_64-linux-gnu
Configured with: ../src/configure -v --with-pkgversion='Ubuntu 5.4.0-6ubuntu1~16.04.4' --with-bugurl=file:///usr/share/doc/gcc-5/README.Bugs --enable-languages=c,ada,c++,java,go,d,fortran,objc,obj-c++ --prefix=/usr --program-suffix=-5 --enable-shared --enable-linker-build-id --libexecdir=/usr/lib --without-included-gettext --enable-threads=posix --libdir=/usr/lib --enable-nls --with-sysroot=/ --enable-clocale=gnu --enable-libstdcxx-debug --enable-libstdcxx-time=yes --with-default-libstdcxx-abi=new --enable-gnu-unique-object --disable-vtable-verify --enable-libmpx --enable-plugin --with-system-zlib --disable-browser-plugin --enable-java-awt=gtk --enable-gtk-cairo --with-java-home=/usr/lib/jvm/java-1.5.0-gcj-5-amd64/jre --enable-java-home --with-jvm-root-dir=/usr/lib/jvm/java-1.5.0-gcj-5-amd64 --with-jvm-jar-dir=/usr/lib/jvm-exports/java-1.5.0-gcj-5-amd64 --with-arch-directory=amd64 --with-ecj-jar=/usr/share/java/eclipse-ecj.jar --enable-objc-gc --enable-multiarch --disable-werror --with-arch-32=i686 --with-abi=m64 --with-multilib-list=m32,m64,mx32 --enable-multilib --with-tune=generic --enable-checking=release --build=x86_64-linux-gnu --host=x86_64-linux-gnu --target=x86_64-linux-gnu
Thread model: posix
gcc version 5.4.0 20160609 (Ubuntu 5.4.0-6ubuntu1~16.04.4) 
configure:2822: $? = 0
configure:2811: g++ -V >&5
g++: error: unrecognized command line option '-V'
g++: fatal error: no input files
compilation terminated.
configure:2822: $? = 1
configure:2811: g++ -qversion >&5
g++: error: unrecognized command line option '-qversion'
g++: fatal error: no input files
compilation terminated.
configure:2822: $? = 1
configure:2842: checking whether the C++ compiler works
configure:2864: g++    conftest.cpp  >&5
configure:2868: $? = 0
configure:2916: result: yes
configure:2919: checking for C++ compiler default output file name
configure:2921: result: a.out
configure:2927: checking for suffix of executables
configure:2934: g++ -o conftest    conftest.cpp  >&5
configure:2938: $? = 0
configure:2960: result: 
configure:2982: checking whether we are cross compiling
configure:2990: g++ -o conftest    conftest.cpp  >&5
configure:2994: $? = 0
configure:3001: ./conftest
configure:3005: $? = 0
configure:3020: result: no
configure:3025: checking for suffix of object files
configure:3047: g++ -c   conftest.cpp >&5
configure:3051: $? = 0
configure:3072: result: o
configure:3076: checking whether we are using the GNU C++ compiler
configure:3095: g++ -c   conftest.cpp >&5
configure:3095: $? = 0
configure:3104: result: yes
configure:3113: checking whether g++ accepts -g
configure:3133: g++ -c -g  conftest.cpp >&5
configure:3133: $? = 0
configure:3174: result: yes
configure:3208: checking for style of include used by make
configure:3236: result: GNU
configure:3262: checking dependency style of g++
configure:3373: result: gcc3
configure:3436: checking for gcc
configure:3452: found /usr/bin/gcc
configure:3463: result: gcc
configure:3692: checking for C compiler version
configure:3701: gcc --version >&5
gcc (Ubuntu 5.4.0-6ubuntu1~16.04.4) 5.4.0 20160609
Copyright (C) 2015 Free Software Foundation, Inc.
This is free software; see the source for copying conditions.  There is NO
warranty; not even for MERCHANTABILITY or FITNESS FOR A PARTICULAR PURPOSE.

configure:3712: $? = 0
configure:3701: gcc -v >&5
Using built-in specs.
COLLECT_GCC=gcc
COLLECT_LTO_WRAPPER=/usr/lib/gcc/x86_64-linux-gnu/5/lto-wrapper
Target: x86_64-linux-gnu
Configured with: ../src/configure -v --with-pkgversion='Ubuntu 5.4.0-6ubuntu1~16.04.4' --with-bugurl=file:///usr/share/doc/gcc-5/README.Bugs --enable-languages=c,ada,c++,java,go,d,fortran,objc,obj-c++ --prefix=/usr --program-suffix=-5 --enable-shared --enable-linker-build-id --libexecdir=/usr/lib --without-included-gettext --enable-threads=posix --libdir=/usr/lib --enable-nls --with-sysroot=/ --enable-clocale=gnu --enable-libstdcxx-debug --enable-libstdcxx-time=yes --with-default-libstdcxx-abi=new --enable-gnu-unique-object --disable-vtable-verify --enable-libmpx --enable-plugin --with-system-zlib --disable-browser-plugin --enable-java-awt=gtk --enable-gtk-cairo --with-java-home=/usr/lib/jvm/java-1.5.0-gcj-5-amd64/jre --enable-java-home --with-jvm-root-dir=/usr/lib/jvm/java-1.5.0-gcj-5-amd64 --with-jvm-jar-dir=/usr/lib/jvm-exports/java-1.5.0-gcj-5-amd64 --with-arch-directory=amd64 --with-ecj-jar=/usr/share/java/eclipse-ecj.jar --enable-objc-gc --enable-multiarch --disable-werror --with-arch-32=i686 --with-abi=m64 --with-multilib-list=m32,m64,mx32 --enable-multilib --with-tune=generic --enable-checking=release --build=x86_64-linux-gnu --host=x86_64-linux-gnu --target=x86_64-linux-gnu
Thread model: posix
gcc version 5.4.0 20160609 (Ubuntu 5.4.0-6ubuntu1~16.04.4) 
configure:3712: $? = 0
configure:3701: gcc -V >&5
gcc: error: unrecognized command line option '-V'
gcc: fatal error: no input files
compilation terminated.
configure:3712: $? = 1
configure:3701: gcc -qversion >&5
gcc: error: unrecognized command line option '-qversion'
gcc: fatal error: no input files
compilation terminated.
configure:3712: $? = 1
configure:3716: checking whether we are using the GNU C compiler
configure:3735: gcc -c   conftest.c >&5
configure:3735: $? = 0
configure:3744: result: yes
configure:3753: checking whether gcc accepts -g
configure:3773: gcc -c -g  conftest.c >&5
configure:3773: $? = 0
configure:3814: result: yes
configure:3831: checking for gcc option to accept ISO C89
configure:3894: gcc  -c -g -O2  conftest.c >&5
configure:3894: $? = 0
configure:3907: result: none needed
configure:3932: checking whether gcc understands -c and -o together
configure:3954: gcc -c conftest.c -o conftest2.o
configure:3957: $? = 0
configure:3954: gcc -c conftest.c -o conftest2.o
configure:3957: $? = 0
configure:3969: result: yes
configure:3988: checking dependency style of gcc
configure:4099: result: gcc3
configure:4119: checking how to run the C preprocessor
configure:4150: gcc -E  conftest.c
configure:4150: $? = 0
configure:4164: gcc -E  conftest.c
conftest.c:11:28: fatal error: ac_nonexistent.h: No such file or directory
compilation terminated.
configure:4164: $? = 1
configure: failed program was:
| /* confdefs.h */
| #define PACKAGE_NAME "Time"
| #define PACKAGE_TARNAME "time"
| #define PACKAGE_VERSION "1.0"
| #define PACKAGE_STRING "Time 1.0"
| #define PACKAGE_BUGREPORT "jie-email@jie-trancender.org"
| #define PACKAGE_URL ""
| #define PACKAGE "Time"
| #define VERSION "1.0"
| /* end confdefs.h.  */
| #include <ac_nonexistent.h>
configure:4189: result: gcc -E
configure:4209: gcc -E  conftest.c
configure:4209: $? = 0
configure:4223: gcc -E  conftest.c
conftest.c:11:28: fatal error: ac_nonexistent.h: No such file or directory
compilation terminated.
configure:4223: $? = 1
configure: failed program was:
| /* confdefs.h */
| #define PACKAGE_NAME "Time"
| #define PACKAGE_TARNAME "time"
| #define PACKAGE_VERSION "1.0"
| #define PACKAGE_STRING "Time 1.0"
| #define PACKAGE_BUGREPORT "jie-email@jie-trancender.org"
| #define PACKAGE_URL ""
| #define PACKAGE "Time"
| #define VERSION "1.0"
| /* end confdefs.h.  */
| #include <ac_nonexistent.h>
configure:4259: checking for grep that handles long lines and -e
configure:4317: result: /bin/grep
configure:4322: checking for egrep
configure:4384: result: /bin/grep -E
configure:4389: checking for ANSI C header files
configure:4409: gcc -c -g -O2  conftest.c >&5
configure:4409: $? = 0
configure:4482: gcc -o conftest -g -O2   conftest.c  >&5
configure:4482: $? = 0
configure:4482: ./conftest
configure:4482: $? = 0
configure:4493: result: yes
configure:4506: checking for sys/types.h
configure:4506: gcc -c -g -O2  conftest.c >&5
configure:4506: $? = 0
configure:4506: result: yes
configure:4506: checking for sys/stat.h
configure:4506: gcc -c -g -O2  conftest.c >&5
configure:4506: $? = 0
configure:4506: result: yes
configure:4506: checking for stdlib.h
configure:4506: gcc -c -g -O2  conftest.c >&5
configure:4506: $? = 0
configure:4506: result: yes
configure:4506: checking for string.h
configure:4506: gcc -c -g -O2  conftest.c >&5
configure:4506: $? = 0
configure:4506: result: yes
configure:4506: checking for memory.h
configure:4506: gcc -c -g -O2  conftest.c >&5
configure:4506: $? = 0
configure:4506: result: yes
configure:4506: checking for strings.h
configure:4506: gcc -c -g -O2  conftest.c >&5
configure:4506: $? = 0
configure:4506: result: yes
configure:4506: checking for inttypes.h
configure:4506: gcc -c -g -O2  conftest.c >&5
configure:4506: $? = 0
configure:4506: result: yes
configure:4506: checking for stdint.h
configure:4506: gcc -c -g -O2  conftest.c >&5
configure:4506: $? = 0
configure:4506: result: yes
configure:4506: checking for unistd.h
configure:4506: gcc -c -g -O2  conftest.c >&5
configure:4506: $? = 0
configure:4506: result: yes
configure:4518: checking for int32_t
configure:4518: gcc -c -g -O2  conftest.c >&5
configure:4518: $? = 0
configure:4518: gcc -c -g -O2  conftest.c >&5
conftest.c: In function 'main':
conftest.c:59:53: warning: integer overflow in expression [-Woverflow]
    < (int32_t) (((((int32_t) 1 << N) << N) - 1) * 2 + 2))];
                                                     ^
conftest.c:58:12: error: storage size of 'test_array' isn't constant
 static int test_array [1 - 2 * !((int32_t) (((((int32_t) 1 << N) << N) - 1) * 2 + 1)
            ^
configure:4518: $? = 1
configure: failed program was:
| /* confdefs.h */
| #define PACKAGE_NAME "Time"
| #define PACKAGE_TARNAME "time"
| #define PACKAGE_VERSION "1.0"
| #define PACKAGE_STRING "Time 1.0"
| #define PACKAGE_BUGREPORT "jie-email@jie-trancender.org"
| #define PACKAGE_URL ""
| #define PACKAGE "Time"
| #define VERSION "1.0"
| #define STDC_HEADERS 1
| #define HAVE_SYS_TYPES_H 1
| #define HAVE_SYS_STAT_H 1
| #define HAVE_STDLIB_H 1
| #define HAVE_STRING_H 1
| #define HAVE_MEMORY_H 1
| #define HAVE_STRINGS_H 1
| #define HAVE_INTTYPES_H 1
| #define HAVE_STDINT_H 1
| #define HAVE_UNISTD_H 1
| /* end confdefs.h.  */
| #include <stdio.h>
| #ifdef HAVE_SYS_TYPES_H
| # include <sys/types.h>
| #endif
| #ifdef HAVE_SYS_STAT_H
| # include <sys/stat.h>
| #endif
| #ifdef STDC_HEADERS
| # include <stdlib.h>
| # include <stddef.h>
| #else
| # ifdef HAVE_STDLIB_H
| #  include <stdlib.h>
| # endif
| #endif
| #ifdef HAVE_STRING_H
| # if !defined STDC_HEADERS && defined HAVE_MEMORY_H
| #  include <memory.h>
| # endif
| # include <string.h>
| #endif
| #ifdef HAVE_STRINGS_H
| # include <strings.h>
| #endif
| #ifdef HAVE_INTTYPES_H
| # include <inttypes.h>
| #endif
| #ifdef HAVE_STDINT_H
| # include <stdint.h>
| #endif
| #ifdef HAVE_UNISTD_H
| # include <unistd.h>
| #endif
| 	        enum { N = 32 / 2 - 1 };
| int
| main ()
| {
| static int test_array [1 - 2 * !((int32_t) (((((int32_t) 1 << N) << N) - 1) * 2 + 1)
| 		 < (int32_t) (((((int32_t) 1 << N) << N) - 1) * 2 + 2))];
| test_array [0] = 0;
| return test_array [0];
| 
|   ;
|   return 0;
| }
configure:4518: result: yes
configure:4641: checking that generated files are newer than configure
configure:4647: result: done
configure:4674: creating ./config.status

## ---------------------- ##
## Running config.status. ##
## ---------------------- ##

This file was extended by Time config.status 1.0, which was
generated by GNU Autoconf 2.69.  Invocation command line was

  CONFIG_FILES    = 
  CONFIG_HEADERS  = 
  CONFIG_LINKS    = 
  CONFIG_COMMANDS = 
  $ ./config.status 

on jason-virtual-machine

config.status:690: creating config.h
config.status:828: executing depfiles commands
configure:5835: checking that generated files are newer than configure
configure:5841: result: done
configure:5872: creating ./config.status

## ---------------------- ##
## Running config.status. ##
## ---------------------- ##

This file was extended by Time config.status 1.0, which was
generated by GNU Autoconf 2.69.  Invocation command line was

  CONFIG_FILES    = 
  CONFIG_HEADERS  = 
  CONFIG_LINKS    = 
  CONFIG_COMMANDS = 
  $ ./config.status 

on jason-virtual-machine

config.status:859: creating Makefile
config.status:859: creating config.h
config.status:1040: config.h is unchanged
config.status:1088: executing depfiles commands

## ---------------- ##
## Cache variables. ##
## ---------------- ##

ac_cv_c_compiler_gnu=yes
ac_cv_c_int32_t=yes
ac_cv_cxx_compiler_gnu=yes
ac_cv_env_CCC_set=
ac_cv_env_CCC_value=
ac_cv_env_CC_set=
ac_cv_env_CC_value=
ac_cv_env_CFLAGS_set=
ac_cv_env_CFLAGS_value=
ac_cv_env_CPPFLAGS_set=
ac_cv_env_CPPFLAGS_value=
ac_cv_env_CPP_set=
ac_cv_env_CPP_value=
ac_cv_env_CXXFLAGS_set=
ac_cv_env_CXXFLAGS_value=
ac_cv_env_CXX_set=
ac_cv_env_CXX_value=
ac_cv_env_LDFLAGS_set=
ac_cv_env_LDFLAGS_value=
ac_cv_env_LIBS_set=
ac_cv_env_LIBS_value=
ac_cv_env_build_alias_set=
ac_cv_env_build_alias_value=
ac_cv_env_host_alias_set=
ac_cv_env_host_alias_value=
ac_cv_env_target_alias_set=
ac_cv_env_target_alias_value=
ac_cv_header_inttypes_h=yes
ac_cv_header_memory_h=yes
ac_cv_header_stdc=yes
ac_cv_header_stdint_h=yes
ac_cv_header_stdlib_h=yes
ac_cv_header_string_h=yes
ac_cv_header_strings_h=yes
ac_cv_header_sys_stat_h=yes
ac_cv_header_sys_types_h=yes
ac_cv_header_unistd_h=yes
ac_cv_objext=o
ac_cv_path_EGREP='/bin/grep -E'
ac_cv_path_GREP=/bin/grep
ac_cv_path_install='/usr/bin/install -c'
ac_cv_path_mkdir=/bin/mkdir
ac_cv_prog_AWK=mawk
ac_cv_prog_CPP='gcc -E'
ac_cv_prog_ac_ct_CC=gcc
ac_cv_prog_ac_ct_CXX=g++
ac_cv_prog_cc_c89=
ac_cv_prog_cc_g=yes
ac_cv_prog_cxx_g=yes
ac_cv_prog_make_make_set=yes
am_cv_CC_dependencies_compiler_type=gcc3
am_cv_CXX_dependencies_compiler_type=gcc3
am_cv_make_support_nested_variables=yes
am_cv_prog_cc_c_o=yes

## ----------------- ##
## Output variables. ##
## ----------------- ##

ACLOCAL='${SHELL} /home/Code/Muduo/time/missing aclocal-1.15'
AMDEPBACKSLASH='\'
AMDEP_FALSE='#'
AMDEP_TRUE=''
AMTAR='$${TAR-tar}'
AM_BACKSLASH='\'
AM_DEFAULT_V='$(AM_DEFAULT_VERBOSITY)'
AM_DEFAULT_VERBOSITY='1'
AM_V='$(V)'
AUTOCONF='${SHELL} /home/Code/Muduo/time/missing autoconf'
AUTOHEADER='${SHELL} /home/Code/Muduo/time/missing autoheader'
AUTOMAKE='${SHELL} /home/Code/Muduo/time/missing automake-1.15'
AWK='mawk'
CC='gcc'
CCDEPMODE='depmode=gcc3'
CFLAGS='-g -O2'
CPP='gcc -E'
CPPFLAGS=''
CXX='g++'
CXXDEPMODE='depmode=gcc3'
CXXFLAGS='-g -O2'
CYGPATH_W='echo'
DEFS='-DHAVE_CONFIG_H'
DEPDIR='.deps'
ECHO_C=''
ECHO_N='-n'
ECHO_T=''
EGREP='/bin/grep -E'
EXEEXT=''
GREP='/bin/grep'
INSTALL_DATA='${INSTALL} -m 644'
INSTALL_PROGRAM='${INSTALL}'
INSTALL_SCRIPT='${INSTALL}'
INSTALL_STRIP_PROGRAM='$(install_sh) -c -s'
LDFLAGS=''
LIBOBJS=''
LIBS=''
LTLIBOBJS=''
MAKEINFO='${SHELL} /home/Code/Muduo/time/missing makeinfo'
MKDIR_P='/bin/mkdir -p'
OBJEXT='o'
PACKAGE='Time'
PACKAGE_BUGREPORT='jie-email@jie-trancender.org'
PACKAGE_NAME='Time'
PACKAGE_STRING='Time 1.0'
PACKAGE_TARNAME='time'
PACKAGE_URL=''
PACKAGE_VERSION='1.0'
PATH_SEPARATOR=':'
SET_MAKE=''
SHELL='/bin/bash'
STRIP=''
VERSION='1.0'
ac_ct_CC='gcc'
ac_ct_CXX='g++'
am__EXEEXT_FALSE=''
am__EXEEXT_TRUE='#'
am__fastdepCC_FALSE='#'
am__fastdepCC_TRUE=''
am__fastdepCXX_FALSE='#'
am__fastdepCXX_TRUE=''
am__include='include'
am__isrc=''
am__leading_dot='.'
am__nodep='_no'
am__quote=''
am__tar='$${TAR-tar} chof - "$$tardir"'
am__untar='$${TAR-tar} xf -'
bindir='${exec_prefix}/bin'
build_alias=''
datadir='${datarootdir}'
datarootdir='${prefix}/share'
docdir='${datarootdir}/doc/${PACKAGE_TARNAME}'
dvidir='${docdir}'
exec_prefix='${prefix}'
host_alias=''
htmldir='${docdir}'
includedir='${prefix}/include'
infodir='${datarootdir}/info'
install_sh='${SHELL} /home/Code/Muduo/time/install-sh'
libdir='${exec_prefix}/lib'
libexecdir='${exec_prefix}/libexec'
localedir='${datarootdir}/locale'
localstatedir='${prefix}/var'
mandir='${datarootdir}/man'
mkdir_p='$(MKDIR_P)'
oldincludedir='/usr/include'
pdfdir='${docdir}'
prefix='/usr/local'
program_transform_name='s,x,x,'
psdir='${docdir}'
runstatedir='${localstatedir}/run'
sbindir='${exec_prefix}/sbin'
sharedstatedir='${prefix}/com'
sysconfdir='${prefix}/etc'
target_alias=''

## ----------- ##
## confdefs.h. ##
## ----------- ##

/* confdefs.h */
#define PACKAGE_NAME "Time"
#define PACKAGE_TARNAME "time"
#define PACKAGE_VERSION "1.0"
#define PACKAGE_STRING "Time 1.0"
#define PACKAGE_BUGREPORT "jie-email@jie-trancender.org"
#define PACKAGE_URL ""
#define PACKAGE "Time"
#define VERSION "1.0"
#define STDC_HEADERS 1
#define HAVE_SYS_TYPES_H 1
#define HAVE_SYS_STAT_H 1
#define HAVE_STDLIB_H 1
#define HAVE_STRING_H 1
#define HAVE_MEMORY_H 1
#define HAVE_STRINGS_H 1
#define HAVE_INTTYPES_H 1
#define HAVE_STDINT_H 1
#define HAVE_UNISTD_H 1

configure: exit 0

## ---------------------- ##
## Running config.status. ##
## ---------------------- ##

This file was extended by Time config.status 1.0, which was
generated by GNU Autoconf 2.69.  Invocation command line was

  CONFIG_FILES    = 
  CONFIG_HEADERS  = 
  CONFIG_LINKS    = 
  CONFIG_COMMANDS = 
  $ ./config.status Makefile depfiles

on jason-virtual-machine

config.status:859: creating Makefile
config.status:1088: executing depfiles commands
